\BOOKMARK [1][-]{Doc-Start}{Introduction}{}% 1
\BOOKMARK [1][-]{section.1}{M\351thode}{}% 2
\BOOKMARK [2][-]{subsection.1.1}{Documentation}{section.1}% 3
\BOOKMARK [2][-]{subsection.1.2}{Mat\351riel}{section.1}% 4
\BOOKMARK [2][-]{subsection.1.3}{Proc\351dures}{section.1}% 5
\BOOKMARK [1][-]{section.2}{\311tat de l'art}{}% 6
\BOOKMARK [2][-]{subsection.2.1}{La ACA}{section.2}% 7
\BOOKMARK [3][-]{subsubsection.2.1.1}{Pr\351sentation de l'algorithme}{subsection.2.1}% 8
\BOOKMARK [3][-]{subsubsection.2.1.2}{Analyse du co\373t}{subsection.2.1}% 9
\BOOKMARK [2][-]{subsection.2.2}{La MLACA}{section.2}% 10
\BOOKMARK [3][-]{subsubsection.2.2.1}{Pr\351sentation de l'algorithme}{subsection.2.2}% 11
\BOOKMARK [3][-]{subsubsection.2.2.2}{Analyse du co\373t}{subsection.2.2}% 12
\BOOKMARK [1][-]{section.3}{Approximation par blocs}{}% 13
\BOOKMARK [2][-]{subsection.3.1}{Algorithme}{section.3}% 14
\BOOKMARK [2][-]{subsection.3.2}{Parall\351lisation}{section.3}% 15
\BOOKMARK [2][-]{subsection.3.3}{Analyses du co\373t}{section.3}% 16
\BOOKMARK [1][-]{subsection.3.3}{Conclusion}{}% 17
\BOOKMARK [1][-]{section.4}{Exemples}{}% 18
\BOOKMARK [2][-]{subsection.4.1}{Subsection}{section.4}% 19
\BOOKMARK [2][-]{subsection.4.2}{Subsection}{section.4}% 20
\BOOKMARK [1][-]{section.5}{Results and Discussion}{}% 21
\BOOKMARK [2][-]{subsection.5.1}{Subsection}{section.5}% 22
\BOOKMARK [3][-]{subsubsection.5.1.1}{Subsubsection}{subsection.5.1}% 23
\BOOKMARK [3][-]{subsubsection.5.1.2}{Subsubsection}{subsection.5.1}% 24
\BOOKMARK [3][-]{subsubsection.5.1.3}{Subsubsection}{subsection.5.1}% 25
\BOOKMARK [2][-]{subsection.5.2}{Subsection}{section.5}% 26
\BOOKMARK [1][-]{section*.6}{Acknowledgments}{}% 27
